<?xml version="1.0" encoding="UTF-8"?>
<!-- Generated by org.testng.reporters.JUnitReportReporter -->
<testsuite hostname="LAPTOP-KFNS2K2F" failures="0" tests="1" name="sampletgittest.samplegittest" time="24.509" errors="0" timestamp="16 Jun 2018 06:55:16 GMT" skipped="0">
  <testcase classname="sampletgittest.samplegittest" name="logintest" time="24.509"/>
</testsuite> <!-- sampletgittest.samplegittest -->
